  Performing Custom Build Tools
  Microsoft (R) Macro Assembler Version 14.50.35728.0
  Copyright (C) Microsoft Corporation.  All rights reserved.
  
   Assembling: C:\Users\drewc\source\repos\quake2-full\ref_soft\r_aclipa.asm
  Performing Custom Build Tools
  Microsoft (R) Macro Assembler Version 14.50.35728.0
  Copyright (C) Microsoft Corporation.  All rights reserved.
  
   Assembling: C:\Users\drewc\source\repos\quake2-full\ref_soft\r_draw16.asm
  Performing Custom Build Tools
  Microsoft (R) Macro Assembler Version 14.50.35728.0
  Copyright (C) Microsoft Corporation.  All rights reserved.
  
   Assembling: C:\Users\drewc\source\repos\quake2-full\ref_soft\r_drawa.asm
  Performing Custom Build Tools
  Microsoft (R) Macro Assembler Version 14.50.35728.0
  Copyright (C) Microsoft Corporation.  All rights reserved.
  
   Assembling: C:\Users\drewc\source\repos\quake2-full\ref_soft\r_edgea.asm
  Performing Custom Build Tools
  Microsoft (R) Macro Assembler Version 14.50.35728.0
  Copyright (C) Microsoft Corporation.  All rights reserved.
  
   Assembling: C:\Users\drewc\source\repos\quake2-full\ref_soft\r_polysa.asm
  Performing Custom Build Tools
  Microsoft (R) Macro Assembler Version 14.50.35728.0
  Copyright (C) Microsoft Corporation.  All rights reserved.
  
   Assembling: C:\Users\drewc\source\repos\quake2-full\ref_soft\r_scana.asm
  Performing Custom Build Tools
  Microsoft (R) Macro Assembler Version 14.50.35728.0
  Copyright (C) Microsoft Corporation.  All rights reserved.
  
   Assembling: C:\Users\drewc\source\repos\quake2-full\ref_soft\r_spr8.asm
  Performing Custom Build Tools
  Microsoft (R) Macro Assembler Version 14.50.35728.0
  Copyright (C) Microsoft Corporation.  All rights reserved.
  
   Assembling: C:\Users\drewc\source\repos\quake2-full\ref_soft\r_surf8.asm
  Performing Custom Build Tools
  Microsoft (R) Macro Assembler Version 14.50.35728.0
  Copyright (C) Microsoft Corporation.  All rights reserved.
  
   Assembling: C:\Users\drewc\source\repos\quake2-full\ref_soft\r_varsa.asm
C:\Program Files\Microsoft Visual Studio\18\Community\MSBuild\Microsoft\VC\v180\Microsoft.CppCommon.targets(254,5): warning MSB8065: Custom build for item "r_aclipa.asm" succeeded, but specified output "c:\users\drewc\source\repos\quake2-full\release\.obj" has not been created. This may cause incremental build to work incorrectly.
C:\Program Files\Microsoft Visual Studio\18\Community\MSBuild\Microsoft\VC\v180\Microsoft.CppCommon.targets(254,5): warning MSB8065: Custom build for item "r_draw16.asm" succeeded, but specified output "c:\users\drewc\source\repos\quake2-full\release\.obj" has not been created. This may cause incremental build to work incorrectly.
C:\Program Files\Microsoft Visual Studio\18\Community\MSBuild\Microsoft\VC\v180\Microsoft.CppCommon.targets(254,5): warning MSB8065: Custom build for item "r_drawa.asm" succeeded, but specified output "c:\users\drewc\source\repos\quake2-full\release\.obj" has not been created. This may cause incremental build to work incorrectly.
C:\Program Files\Microsoft Visual Studio\18\Community\MSBuild\Microsoft\VC\v180\Microsoft.CppCommon.targets(254,5): warning MSB8065: Custom build for item "r_edgea.asm" succeeded, but specified output "c:\users\drewc\source\repos\quake2-full\release\.obj" has not been created. This may cause incremental build to work incorrectly.
C:\Program Files\Microsoft Visual Studio\18\Community\MSBuild\Microsoft\VC\v180\Microsoft.CppCommon.targets(254,5): warning MSB8065: Custom build for item "r_polysa.asm" succeeded, but specified output "c:\users\drewc\source\repos\quake2-full\release\.obj" has not been created. This may cause incremental build to work incorrectly.
C:\Program Files\Microsoft Visual Studio\18\Community\MSBuild\Microsoft\VC\v180\Microsoft.CppCommon.targets(254,5): warning MSB8065: Custom build for item "r_scana.asm" succeeded, but specified output "c:\users\drewc\source\repos\quake2-full\release\.obj" has not been created. This may cause incremental build to work incorrectly.
C:\Program Files\Microsoft Visual Studio\18\Community\MSBuild\Microsoft\VC\v180\Microsoft.CppCommon.targets(254,5): warning MSB8065: Custom build for item "r_spr8.asm" succeeded, but specified output "c:\users\drewc\source\repos\quake2-full\release\.obj" has not been created. This may cause incremental build to work incorrectly.
C:\Program Files\Microsoft Visual Studio\18\Community\MSBuild\Microsoft\VC\v180\Microsoft.CppCommon.targets(254,5): warning MSB8065: Custom build for item "r_surf8.asm" succeeded, but specified output "c:\users\drewc\source\repos\quake2-full\release\.obj" has not been created. This may cause incremental build to work incorrectly.
C:\Program Files\Microsoft Visual Studio\18\Community\MSBuild\Microsoft\VC\v180\Microsoft.CppCommon.targets(254,5): warning MSB8065: Custom build for item "r_varsa.asm" succeeded, but specified output "c:\users\drewc\source\repos\quake2-full\release\.obj" has not been created. This may cause incremental build to work incorrectly.
  r_alias.c
C:\Users\drewc\source\repos\quake2-full\ref_soft\r_alias.c(108,16): warning C4189: 'minz': local variable is initialized but not referenced
C:\Users\drewc\source\repos\quake2-full\ref_soft\r_alias.c(1005,36): warning C4100: 'pmdl': unreferenced parameter
C:\Users\drewc\source\repos\quake2-full\ref_soft\r_alias.c(1052,14): warning C4210: nonstandard extension used: function given file scope
C:\Users\drewc\source\repos\quake2-full\ref_soft\r_alias.c(1053,14): warning C4210: nonstandard extension used: function given file scope
C:\Users\drewc\source\repos\quake2-full\ref_soft\r_alias.c(1054,14): warning C4210: nonstandard extension used: function given file scope
C:\Users\drewc\source\repos\quake2-full\ref_soft\r_alias.c(1055,14): warning C4210: nonstandard extension used: function given file scope
C:\Users\drewc\source\repos\quake2-full\ref_soft\r_alias.c(1056,14): warning C4210: nonstandard extension used: function given file scope
C:\Users\drewc\source\repos\quake2-full\ref_soft\r_alias.c(434,1): warning C4740: flow in or out of inline asm code suppresses global optimization
LINK : fatal error LNK1181: cannot open input file '.\..\release\\.obj'
